-------------------------------------------------------------------------------
Test set: org.example.MainTest
-------------------------------------------------------------------------------
Tests run: 4, Failures: 4, Errors: 0, Skipped: 0, Time elapsed: 4.940 s <<< FAILURE! -- in org.example.MainTest
org.example.MainTest.continueReplenishmentButtonTest -- Time elapsed: 2.056 s <<< FAILURE!
org.opentest4j.MultipleFailuresError: 
Multiple Failures (2 failures)
	org.openqa.selenium.SessionNotCreatedException: Could not start a new session. Response code 500. Message: session not created: This version of ChromeDriver only supports Chrome version 127
Current browser version is 131.0.6778.70 with binary path C:\Program Files\Google\Chrome\Application\chrome.exe 
Host info: host: 'KOMPUTER', ip: '192.168.221.8'
Build info: version: '4.26.0', revision: '8ccf0219d7'
System info: os.name: 'Windows 10', os.arch: 'amd64', os.version: '10.0', java.version: '22.0.1'
Driver info: org.openqa.selenium.chrome.ChromeDriver
Command: [null, newSession {capabilities=[Capabilities {browserName: chrome, goog:chromeOptions: {args: [], extensions: []}}]}]
	java.lang.NullPointerException: Cannot invoke "org.openqa.selenium.WebDriver.quit()" because "org.example.MainTest.driver" is null
	Suppressed: org.openqa.selenium.SessionNotCreatedException: Could not start a new session. Response code 500. Message: session not created: This version of ChromeDriver only supports Chrome version 127
Current browser version is 131.0.6778.70 with binary path C:\Program Files\Google\Chrome\Application\chrome.exe 
Host info: host: 'KOMPUTER', ip: '192.168.221.8'
Build info: version: '4.26.0', revision: '8ccf0219d7'
System info: os.name: 'Windows 10', os.arch: 'amd64', os.version: '10.0', java.version: '22.0.1'
Driver info: org.openqa.selenium.chrome.ChromeDriver
Command: [null, newSession {capabilities=[Capabilities {browserName: chrome, goog:chromeOptions: {args: [], extensions: []}}]}]
		at org.openqa.selenium.remote.ProtocolHandshake.createSession(ProtocolHandshake.java:114)
		at org.openqa.selenium.remote.ProtocolHandshake.createSession(ProtocolHandshake.java:75)
		at org.openqa.selenium.remote.ProtocolHandshake.createSession(ProtocolHandshake.java:61)
		at org.openqa.selenium.remote.HttpCommandExecutor.execute(HttpCommandExecutor.java:162)
		at org.openqa.selenium.remote.service.DriverCommandExecutor.invokeExecute(DriverCommandExecutor.java:216)
		at org.openqa.selenium.remote.service.DriverCommandExecutor.execute(DriverCommandExecutor.java:174)
		at org.openqa.selenium.remote.RemoteWebDriver.execute(RemoteWebDriver.java:545)
		at org.openqa.selenium.remote.RemoteWebDriver.startSession(RemoteWebDriver.java:245)
		at org.openqa.selenium.remote.RemoteWebDriver.<init>(RemoteWebDriver.java:174)
		at org.openqa.selenium.chromium.ChromiumDriver.<init>(ChromiumDriver.java:114)
		at org.openqa.selenium.chrome.ChromeDriver.<init>(ChromeDriver.java:88)
		at org.openqa.selenium.chrome.ChromeDriver.<init>(ChromeDriver.java:83)
		at org.openqa.selenium.chrome.ChromeDriver.<init>(ChromeDriver.java:51)
		at org.example.MainTest.setUp(MainTest.java:17)
		at java.base/java.lang.reflect.Method.invoke(Method.java:580)
	Suppressed: java.lang.NullPointerException: Cannot invoke "org.openqa.selenium.WebDriver.quit()" because "org.example.MainTest.driver" is null
		at org.example.MainTest.tearDown(MainTest.java:57)
		at java.base/java.lang.reflect.Method.invoke(Method.java:580)

org.example.MainTest.learnMoreLinkTest -- Time elapsed: 1.083 s <<< FAILURE!
org.opentest4j.MultipleFailuresError: 
Multiple Failures (2 failures)
	org.openqa.selenium.SessionNotCreatedException: Could not start a new session. Response code 500. Message: session not created: This version of ChromeDriver only supports Chrome version 127
Current browser version is 131.0.6778.70 with binary path C:\Program Files\Google\Chrome\Application\chrome.exe 
Host info: host: 'KOMPUTER', ip: '192.168.221.8'
Build info: version: '4.26.0', revision: '8ccf0219d7'
System info: os.name: 'Windows 10', os.arch: 'amd64', os.version: '10.0', java.version: '22.0.1'
Driver info: org.openqa.selenium.chrome.ChromeDriver
Command: [null, newSession {capabilities=[Capabilities {browserName: chrome, goog:chromeOptions: {args: [], extensions: []}}]}]
	java.lang.NullPointerException: Cannot invoke "org.openqa.selenium.WebDriver.quit()" because "org.example.MainTest.driver" is null
	Suppressed: org.openqa.selenium.SessionNotCreatedException: Could not start a new session. Response code 500. Message: session not created: This version of ChromeDriver only supports Chrome version 127
Current browser version is 131.0.6778.70 with binary path C:\Program Files\Google\Chrome\Application\chrome.exe 
Host info: host: 'KOMPUTER', ip: '192.168.221.8'
Build info: version: '4.26.0', revision: '8ccf0219d7'
System info: os.name: 'Windows 10', os.arch: 'amd64', os.version: '10.0', java.version: '22.0.1'
Driver info: org.openqa.selenium.chrome.ChromeDriver
Command: [null, newSession {capabilities=[Capabilities {browserName: chrome, goog:chromeOptions: {args: [], extensions: []}}]}]
		at org.openqa.selenium.remote.ProtocolHandshake.createSession(ProtocolHandshake.java:114)
		at org.openqa.selenium.remote.ProtocolHandshake.createSession(ProtocolHandshake.java:75)
		at org.openqa.selenium.remote.ProtocolHandshake.createSession(ProtocolHandshake.java:61)
		at org.openqa.selenium.remote.HttpCommandExecutor.execute(HttpCommandExecutor.java:162)
		at org.openqa.selenium.remote.service.DriverCommandExecutor.invokeExecute(DriverCommandExecutor.java:216)
		at org.openqa.selenium.remote.service.DriverCommandExecutor.execute(DriverCommandExecutor.java:174)
		at org.openqa.selenium.remote.RemoteWebDriver.execute(RemoteWebDriver.java:545)
		at org.openqa.selenium.remote.RemoteWebDriver.startSession(RemoteWebDriver.java:245)
		at org.openqa.selenium.remote.RemoteWebDriver.<init>(RemoteWebDriver.java:174)
		at org.openqa.selenium.chromium.ChromiumDriver.<init>(ChromiumDriver.java:114)
		at org.openqa.selenium.chrome.ChromeDriver.<init>(ChromeDriver.java:88)
		at org.openqa.selenium.chrome.ChromeDriver.<init>(ChromeDriver.java:83)
		at org.openqa.selenium.chrome.ChromeDriver.<init>(ChromeDriver.java:51)
		at org.example.MainTest.setUp(MainTest.java:17)
		at java.base/java.lang.reflect.Method.invoke(Method.java:580)
	Suppressed: java.lang.NullPointerException: Cannot invoke "org.openqa.selenium.WebDriver.quit()" because "org.example.MainTest.driver" is null
		at org.example.MainTest.tearDown(MainTest.java:57)
		at java.base/java.lang.reflect.Method.invoke(Method.java:580)

org.example.MainTest.paySectionImagesTest -- Time elapsed: 0.908 s <<< FAILURE!
org.opentest4j.MultipleFailuresError: 
Multiple Failures (2 failures)
	org.openqa.selenium.SessionNotCreatedException: Could not start a new session. Response code 500. Message: session not created: This version of ChromeDriver only supports Chrome version 127
Current browser version is 131.0.6778.70 with binary path C:\Program Files\Google\Chrome\Application\chrome.exe 
Host info: host: 'KOMPUTER', ip: '192.168.221.8'
Build info: version: '4.26.0', revision: '8ccf0219d7'
System info: os.name: 'Windows 10', os.arch: 'amd64', os.version: '10.0', java.version: '22.0.1'
Driver info: org.openqa.selenium.chrome.ChromeDriver
Command: [null, newSession {capabilities=[Capabilities {browserName: chrome, goog:chromeOptions: {args: [], extensions: []}}]}]
	java.lang.NullPointerException: Cannot invoke "org.openqa.selenium.WebDriver.quit()" because "org.example.MainTest.driver" is null
	Suppressed: org.openqa.selenium.SessionNotCreatedException: Could not start a new session. Response code 500. Message: session not created: This version of ChromeDriver only supports Chrome version 127
Current browser version is 131.0.6778.70 with binary path C:\Program Files\Google\Chrome\Application\chrome.exe 
Host info: host: 'KOMPUTER', ip: '192.168.221.8'
Build info: version: '4.26.0', revision: '8ccf0219d7'
System info: os.name: 'Windows 10', os.arch: 'amd64', os.version: '10.0', java.version: '22.0.1'
Driver info: org.openqa.selenium.chrome.ChromeDriver
Command: [null, newSession {capabilities=[Capabilities {browserName: chrome, goog:chromeOptions: {args: [], extensions: []}}]}]
		at org.openqa.selenium.remote.ProtocolHandshake.createSession(ProtocolHandshake.java:114)
		at org.openqa.selenium.remote.ProtocolHandshake.createSession(ProtocolHandshake.java:75)
		at org.openqa.selenium.remote.ProtocolHandshake.createSession(ProtocolHandshake.java:61)
		at org.openqa.selenium.remote.HttpCommandExecutor.execute(HttpCommandExecutor.java:162)
		at org.openqa.selenium.remote.service.DriverCommandExecutor.invokeExecute(DriverCommandExecutor.java:216)
		at org.openqa.selenium.remote.service.DriverCommandExecutor.execute(DriverCommandExecutor.java:174)
		at org.openqa.selenium.remote.RemoteWebDriver.execute(RemoteWebDriver.java:545)
		at org.openqa.selenium.remote.RemoteWebDriver.startSession(RemoteWebDriver.java:245)
		at org.openqa.selenium.remote.RemoteWebDriver.<init>(RemoteWebDriver.java:174)
		at org.openqa.selenium.chromium.ChromiumDriver.<init>(ChromiumDriver.java:114)
		at org.openqa.selenium.chrome.ChromeDriver.<init>(ChromeDriver.java:88)
		at org.openqa.selenium.chrome.ChromeDriver.<init>(ChromeDriver.java:83)
		at org.openqa.selenium.chrome.ChromeDriver.<init>(ChromeDriver.java:51)
		at org.example.MainTest.setUp(MainTest.java:17)
		at java.base/java.lang.reflect.Method.invoke(Method.java:580)
	Suppressed: java.lang.NullPointerException: Cannot invoke "org.openqa.selenium.WebDriver.quit()" because "org.example.MainTest.driver" is null
		at org.example.MainTest.tearDown(MainTest.java:57)
		at java.base/java.lang.reflect.Method.invoke(Method.java:580)

org.example.MainTest.paySectionTest -- Time elapsed: 0.854 s <<< FAILURE!
org.opentest4j.MultipleFailuresError: 
Multiple Failures (2 failures)
	org.openqa.selenium.SessionNotCreatedException: Could not start a new session. Response code 500. Message: session not created: This version of ChromeDriver only supports Chrome version 127
Current browser version is 131.0.6778.70 with binary path C:\Program Files\Google\Chrome\Application\chrome.exe 
Host info: host: 'KOMPUTER', ip: '192.168.221.8'
Build info: version: '4.26.0', revision: '8ccf0219d7'
System info: os.name: 'Windows 10', os.arch: 'amd64', os.version: '10.0', java.version: '22.0.1'
Driver info: org.openqa.selenium.chrome.ChromeDriver
Command: [null, newSession {capabilities=[Capabilities {browserName: chrome, goog:chromeOptions: {args: [], extensions: []}}]}]
	java.lang.NullPointerException: Cannot invoke "org.openqa.selenium.WebDriver.quit()" because "org.example.MainTest.driver" is null
	Suppressed: org.openqa.selenium.SessionNotCreatedException: Could not start a new session. Response code 500. Message: session not created: This version of ChromeDriver only supports Chrome version 127
Current browser version is 131.0.6778.70 with binary path C:\Program Files\Google\Chrome\Application\chrome.exe 
Host info: host: 'KOMPUTER', ip: '192.168.221.8'
Build info: version: '4.26.0', revision: '8ccf0219d7'
System info: os.name: 'Windows 10', os.arch: 'amd64', os.version: '10.0', java.version: '22.0.1'
Driver info: org.openqa.selenium.chrome.ChromeDriver
Command: [null, newSession {capabilities=[Capabilities {browserName: chrome, goog:chromeOptions: {args: [], extensions: []}}]}]
		at org.openqa.selenium.remote.ProtocolHandshake.createSession(ProtocolHandshake.java:114)
		at org.openqa.selenium.remote.ProtocolHandshake.createSession(ProtocolHandshake.java:75)
		at org.openqa.selenium.remote.ProtocolHandshake.createSession(ProtocolHandshake.java:61)
		at org.openqa.selenium.remote.HttpCommandExecutor.execute(HttpCommandExecutor.java:162)
		at org.openqa.selenium.remote.service.DriverCommandExecutor.invokeExecute(DriverCommandExecutor.java:216)
		at org.openqa.selenium.remote.service.DriverCommandExecutor.execute(DriverCommandExecutor.java:174)
		at org.openqa.selenium.remote.RemoteWebDriver.execute(RemoteWebDriver.java:545)
		at org.openqa.selenium.remote.RemoteWebDriver.startSession(RemoteWebDriver.java:245)
		at org.openqa.selenium.remote.RemoteWebDriver.<init>(RemoteWebDriver.java:174)
		at org.openqa.selenium.chromium.ChromiumDriver.<init>(ChromiumDriver.java:114)
		at org.openqa.selenium.chrome.ChromeDriver.<init>(ChromeDriver.java:88)
		at org.openqa.selenium.chrome.ChromeDriver.<init>(ChromeDriver.java:83)
		at org.openqa.selenium.chrome.ChromeDriver.<init>(ChromeDriver.java:51)
		at org.example.MainTest.setUp(MainTest.java:17)
		at java.base/java.lang.reflect.Method.invoke(Method.java:580)
	Suppressed: java.lang.NullPointerException: Cannot invoke "org.openqa.selenium.WebDriver.quit()" because "org.example.MainTest.driver" is null
		at org.example.MainTest.tearDown(MainTest.java:57)
		at java.base/java.lang.reflect.Method.invoke(Method.java:580)

